android/app/build/outputs/mapping/release/seeds.txt
com.keflachofer.MainActivity
com.keflachofer.MainActivity: MainActivity()
com.keflachofer.MainApplication
com.keflachofer.MainApplication: MainApplication()
com.keflachofer.R$anim: int abc_fade_in
com.keflachofer.R$anim: int abc_fade_out
com.keflachofer.R$anim: int abc_grow_fade_in_from_bottom
com.keflachofer.R$anim: int abc_popup_enter
com.keflachofer.R$anim: int abc_popup_exit
com.keflachofer.R$anim: int abc_shrink_fade_out_from_bottom
com.keflachofer.R$anim: int abc_slide_in_bottom
com.keflachofer.R$anim: int abc_slide_in_top
com.keflachofer.R$anim: int abc_slide_out_bottom
com.keflachofer.R$anim: int abc_slide_out_top
com.keflachofer.R$anim: int catalyst_fade_in
com.keflachofer.R$anim: int catalyst_fade_out
com.keflachofer.R$anim: int catalyst_push_up_in
com.keflachofer.R$anim: int catalyst_push_up_out
com.keflachofer.R$anim: int catalyst_slide_down
com.keflachofer.R$anim: int catalyst_slide_up
com.keflachofer.R$anim: int tooltip_enter
com.keflachofer.R$anim: int tooltip_exit
com.keflachofer.R$attr: int actionBarDivider
com.keflachofer.R$attr: int actionBarItemBackground
com.keflachofer.R$attr: int actionBarPopupTheme
com.keflachofer.R$attr: int actionBarSize
com.keflachofer.R$attr: int actionBarSplitStyle
com.keflachofer.R$attr: int actionBarStyle
com.keflachofer.R$attr: int actionBarTabBarStyle
com.keflachofer.R$attr: int actionBarTabStyle
com.keflachofer.R$attr: int actionBarTabTextStyle
com.keflachofer.R$attr: int actionBarTheme
com.keflachofer.R$attr: int actionBarWidgetTheme
com.keflachofer.R$attr: int actionButtonStyle
com.keflachofer.R$attr: int actionDropDownStyle
com.keflachofer.R$attr: int actionLayout
com.keflachofer.R$attr: int actionMenuTextAppearance
com.keflachofer.R$attr: int actionMenuTextColor
com.keflachofer.R$attr: int actionModeBackground
com.keflachofer.R$attr: int actionModeCloseButtonStyle
com.keflachofer.R$attr: int actionModeCloseDrawable
com.keflachofer.R$attr: int actionModeCopyDrawable
com.keflachofer.R$attr: int actionModeCutDrawable
com.keflachofer.R$attr: int actionModeFindDrawable
com.keflachofer.R$attr: int actionModePasteDrawable
com.keflachofer.R$attr: int actionModePopupWindowStyle
com.keflachofer.R$attr: int actionModeSelectAllDrawable
com.keflachofer.R$attr: int actionModeShareDrawable
com.keflachofer.R$attr: int actionModeSplitBackground
com.keflachofer.R$attr: int actionModeStyle
com.keflachofer.R$attr: int actionModeWebSearchDrawable
com.keflachofer.R$attr: int actionOverflowButtonStyle
com.keflachofer.R$bool: int abc_action_bar_embed_tabs
com.keflachofer.R$bool: int abc_allow_stacked_button_bar
com.keflachofer.R$bool: int abc_config_actionMenuItemAllCaps
com.keflachofer.R$bool: int abc_config_closeDialogWhenTouchOutside
com.keflachofer.R$bool: int abc_config_showMenuShortcutsWhenKeyboardPresent
...
okhttp3.Protocol
okhttp3.Protocol: okhttp3.Protocol HTTP_1_0
okhttp3.Protocol: okhttp3.Protocol HTTP_1_1
okhttp3.Protocol: okhttp3.Protocol SPDY_3
okhttp3.Protocol: okhttp3.Protocol HTTP_2
okhttp3.Protocol: java.lang.String protocol
okhttp3.Protocol: okhttp3.Protocol[] $VALUES
okhttp3.Protocol: okhttp3.Protocol[] values()
okhttp3.Protocol: okhttp3.Protocol valueOf(java.lang.String)
okhttp3.Protocol: Protocol(java.lang.String,int,java.lang.String)
okhttp3.Protocol: okhttp3.Protocol get(java.lang.String)
okhttp3.Protocol: java.lang.String toString()
okhttp3.Protocol: void <clinit>()
okhttp3.RealCall
okhttp3.RealCall: okhttp3.OkHttpClient client
okhttp3.RealCall: okhttp3.internal.http.RetryAndFollowUpInterceptor retryAndFollowUpInterceptor
okhttp3.RealCall: okhttp3.Request originalRequest
okhttp3.RealCall: boolean forWebSocket
okhttp3.RealCall: boolean executed
okhttp3.RealCall: RealCall(okhttp3.OkHttpClient,okhttp3.Request,boolean)
okhttp3.RealCall: okhttp3.Request request()
okhttp3.RealCall: okhttp3.Response execute()
okhttp3.RealCall: void captureCallStackTrace()
okhttp3.RealCall: void enqueue(okhttp3.Callback)
okhttp3.RealCall: void cancel()
okhttp3.RealCall: boolean isExecuted()
okhttp3.RealCall: boolean isCanceled()
okhttp3.RealCall: okhttp3.RealCall clone()
okhttp3.RealCall: okhttp3.internal.connection.StreamAllocation streamAllocation()
okhttp3.RealCall: java.lang.String toLoggableString()
okhttp3.RealCall: java.lang.String redactedUrl()
okhttp3.RealCall: okhttp3.Response getResponseWithInterceptorChain()
okhttp3.RealCall: java.lang.Object clone()
okhttp3.RealCall: okhttp3.Call clone()
okhttp3.RealCall$AsyncCall
okhttp3.RealCall$AsyncCall: okhttp3.Callback responseCallback
okhttp3.RealCall$AsyncCall: okhttp3.RealCall this$0
okhttp3.RealCall$AsyncCall: RealCall$AsyncCall(okhttp3.RealCall,okhttp3.Callback)
okhttp3.RealCall$AsyncCall: java.lang.String host()
okhttp3.RealCall$AsyncCall: okhttp3.Request request()
okhttp3.RealCall$AsyncCall: okhttp3.RealCall get()
okhttp3.RealCall$AsyncCall: void execute()
okhttp3.Request
okhttp3.Request: okhttp3.HttpUrl url
okhttp3.Request: java.lang.String method
okhttp3.Request: okhttp3.Headers headers
okhttp3.Request: okhttp3.RequestBody body
okhttp3.Request: java.lang.Object tag
okhttp3.Request: okhttp3.CacheControl cacheControl
okhttp3.Request: Request(okhttp3.Request$Builder)
okhttp3.Request: okhttp3.HttpUrl url()
okhttp3.Request: java.lang.String method()
okhttp3.Request: okhttp3.Headers headers()
okhttp3.Request: java.lang.String header(java.lang.String)
okhttp3.Request: java.util.List headers(java.lang.String)
okhttp3.Request: okhttp3.RequestBody body()
okhttp3.Request: java.lang.Object tag()
okhttp3.Request: okhttp3.Request$Builder newBuilder()
okhttp3.Request: okhttp3.CacheControl cacheControl()
okhttp3.Request: boolean isHttps()
okhttp3.Request: java.lang.String toString()