android/app/build/outputs/mapping/release/usage.txt
com.keflachofer.BuildConfig
com.keflachofer.R
com.keflachofer.R$anim
com.keflachofer.R$attr
com.keflachofer.R$bool
com.keflachofer.R$color
com.keflachofer.R$dimen
com.keflachofer.R$drawable
com.keflachofer.R$id
com.keflachofer.R$integer
com.keflachofer.R$layout
com.keflachofer.R$mipmap
com.keflachofer.R$string
com.keflachofer.R$style
com.keflachofer.R$styleable
com.keflachofer.R$xml
...
android.support.v4.widget.FocusStrategy$CollectionAdapter
android.support.v4.widget.FocusStrategy$SequentialComparator
android.support.v4.widget.ImageViewCompat:
    165:165:private ImageViewCompat()
android.support.v4.widget.ListPopupWindowCompat
android.support.v4.widget.ListViewCompat:
    89:89:private ListViewCompat()
android.support.v4.widget.NestedScrollView:
    static final int ANIMATED_SCROLL_GAP
    static final float MAX_SCROLL_FACTOR
    private static final java.lang.String TAG
    private static final int INVALID_POINTER
    471:471:public boolean isFillViewport()
    493:493:public boolean isSmoothScrollingEnabled()
android.support.v4.widget.PopupMenuCompat
android.support.v4.widget.PopupWindowCompat:
    197:199:private PopupWindowCompat()
    239:239:public static boolean getOverlapAnchor(android.widget.PopupWindow)
    261:261:public static int getWindowLayoutType(android.widget.PopupWindow)
android.support.v4.widget.PopupWindowCompat$PopupWindowCompatApi21Impl:
    private static final java.lang.String TAG
    147:154:public boolean getOverlapAnchor(android.widget.PopupWindow)
android.support.v4.widget.PopupWindowCompat$PopupWindowCompatApi23Impl:
    167:167:public boolean getOverlapAnchor(android.widget.PopupWindow)
    177:177:public int getWindowLayoutType(android.widget.PopupWindow)
android.support.v4.widget.PopupWindowCompat$PopupWindowCompatBaseImpl:
    private static java.lang.reflect.Method sGetWindowLayoutTypeMethod
    private static boolean sGetWindowLayoutTypeMethodAttempted
    60:60:public boolean getOverlapAnchor(android.widget.PopupWindow)
    85:103:public int getWindowLayoutType(android.widget.PopupWindow)
android.support.v4.widget.ResourceCursorAdapter:
    54:57:public ResourceCursorAdapter(android.content.Context,int,android.database.Cursor)
    99:102:public ResourceCursorAdapter(android.content.Context,int,android.database.Cursor,int)
    126:127:public void setViewResource(int)
    135:136:public void setDropDownViewResource(int)
android.support.v4.widget.ScrollerCompat
android.support.v4.widget.SimpleCursorAdapter
android.support.v4.widget.SimpleCursorAdapter$CursorToStringConverter
android.support.v4.widget.SimpleCursorAdapter$ViewBinder
android.support.v4.widget.SlidingPaneLayout
android.support.v4.widget.SlidingPaneLayout$AccessibilityDelegate
android.support.v4.widget.SlidingPaneLayout$DisableLayerRunnable
android.support.v4.widget.SlidingPaneLayout$DragHelperCallback
android.support.v4.widget.SlidingPaneLayout$LayoutParams
android.support.v4.widget.SlidingPaneLayout$PanelSlideListener
android.support.v4.widget.SlidingPaneLayout$SavedState
android.support.v4.widget.SlidingPaneLayout$SavedState$1
android.support.v4.widget.SlidingPaneLayout$SimplePanelSlideListener
android.support.v4.widget.SlidingPaneLayout$SlidingPanelLayoutImpl
android.support.v4.widget.SlidingPaneLayout$SlidingPanelLayoutImplBase
android.support.v4.widget.SlidingPaneLayout$SlidingPanelLayoutImplJB
android.support.v4.widget.SlidingPaneLayout$SlidingPanelLayoutImplJBMR1
android.support.v4.widget.SwipeProgressBar
android.support.v4.widget.SwipeRefreshLayout:
    public static final int LARGE
    public static final int DEFAULT
    static final int CIRCLE_DIAMETER
    static final int CIRCLE_DIAMETER_LARGE
    private static final int MAX_ALPHA
    private static final int STARTING_PROGRESS_ALPHA
    private static final float DECELERATE_INTERPOLATION_FACTOR
    private static final int INVALID_POINTER
    private static final float DRAG_RATE
    private static final float MAX_PROGRESS_ANGLE
    private static final int SCALE_DOWN_DURATION
    private static final int ALPHA_ANIMATION_DURATION
    private static final int ANIMATE_TO_TRIGGER_DURATION
    private static final int ANIMATE_TO_START_DURATION
    private static final int CIRCLE_BG_LIGHT
    private static final int DEFAULT_CIRCLE_TARGET
    289:292:public void setProgressViewEndTarget(boolean,int)
    567:567:public boolean isRefreshing()